# JRE version: Java(TM) SE Runtime Environment (9.0+11) (build 9.0.1+11)
# Java VM: Java HotSpot(TM) 64-Bit Server VM (9.0.1+11, mixed mode, tiered, compressed oops, g1 gc, linux-amd64)
Heap:
 garbage-first heap   total 59392K, used 21944K [0x00000000c6000000, 0x00000000c61001d0, 0x0000000100000000)
  region size 1024K, 4 young (4096K), 1 survivors (1024K)
 Metaspace       used 20963K, capacity 21528K, committed 21760K, reserved 1069056K
  class space    used 1854K, capacity 1978K, committed 2048K, reserved 1048576K
GC Heap History (10 events):
Event: 2809.664 GC heap before
{Heap before GC invocations=37 (full 0):
 garbage-first heap   total 59392K, used 49614K [0x00000000c6000000, 0x00000000c61001d0, 0x0000000100000000)
  region size 1024K, 30 young (30720K), 1 survivors (1024K)
 Metaspace       used 20953K, capacity 21528K, committed 21760K, reserved 1069056K
  class space    used 1854K, capacity 1978K, committed 2048K, reserved 1048576K
}
Event: 2809.739 GC heap after
{Heap after GC invocations=38 (full 0):
 garbage-first heap   total 59392K, used 20054K [0x00000000c6000000, 0x00000000c61001d0, 0x0000000100000000)
  region size 1024K, 1 young (1024K), 1 survivors (1024K)
 Metaspace       used 20953K, capacity 21528K, committed 21760K, reserved 1069056K
  class space    used 1854K, capacity 1978K, committed 2048K, reserved 1048576K
}
Event: 2894.634 GC heap before
{Heap before GC invocations=38 (full 0):
 garbage-first heap   total 59392K, used 50774K [0x00000000c6000000, 0x00000000c61001d0, 0x0000000100000000)
  region size 1024K, 31 young (31744K), 1 survivors (1024K)
 Metaspace       used 20955K, capacity 21528K, committed 21760K, reserved 1069056K
  class space    used 1854K, capacity 1978K, committed 2048K, reserved 1048576K
}
Event: 2894.642 GC heap after
{Heap after GC invocations=39 (full 0):
 garbage-first heap   total 59392K, used 20307K [0x00000000c6000000, 0x00000000c61001d0, 0x0000000100000000)
  region size 1024K, 1 young (1024K), 1 survivors (1024K)
 Metaspace       used 20955K, capacity 21528K, committed 21760K, reserved 1069056K
  class space    used 1854K, capacity 1978K, committed 2048K, reserved 1048576K
}
Event: 2974.230 GC heap before
{Heap before GC invocations=39 (full 0):
 garbage-first heap   total 59392K, used 51027K [0x00000000c6000000, 0x00000000c61001d0, 0x0000000100000000)
  region size 1024K, 31 young (31744K), 1 survivors (1024K)
 Metaspace       used 20956K, capacity 21528K, committed 21760K, reserved 1069056K
  class space    used 1854K, capacity 1978K, committed 2048K, reserved 1048576K
}
Event: 2974.240 GC heap after
{Heap after GC invocations=40 (full 0):
 garbage-first heap   total 59392K, used 20025K [0x00000000c6000000, 0x00000000c61001d0, 0x0000000100000000)
  region size 1024K, 1 young (1024K), 1 survivors (1024K)
 Metaspace       used 20956K, capacity 21528K, committed 21760K, reserved 1069056K
  class space    used 1854K, capacity 1978K, committed 2048K, reserved 1048576K
}
Event: 3053.606 GC heap before
{Heap before GC invocations=40 (full 0):
 garbage-first heap   total 59392K, used 50745K [0x00000000c6000000, 0x00000000c61001d0, 0x0000000100000000)
  region size 1024K, 31 young (31744K), 1 survivors (1024K)
 Metaspace       used 20961K, capacity 21528K, committed 21760K, reserved 1069056K
  class space    used 1854K, capacity 1978K, committed 2048K, reserved 1048576K
}
Event: 3053.611 GC heap after
{Heap after GC invocations=41 (full 0):
 garbage-first heap   total 59392K, used 20227K [0x00000000c6000000, 0x00000000c61001d0, 0x0000000100000000)
  region size 1024K, 1 young (1024K), 1 survivors (1024K)
 Metaspace       used 20961K, capacity 21528K, committed 21760K, reserved 1069056K
  class space    used 1854K, capacity 1978K, committed 2048K, reserved 1048576K
}
Event: 3134.729 GC heap before
{Heap before GC invocations=41 (full 0):
 garbage-first heap   total 59392K, used 50947K [0x00000000c6000000, 0x00000000c61001d0, 0x0000000100000000)
  region size 1024K, 31 young (31744K), 1 survivors (1024K)
 Metaspace       used 20961K, capacity 21528K, committed 21760K, reserved 1069056K
  class space    used 1854K, capacity 1978K, committed 2048K, reserved 1048576K
}
Event: 3134.733 GC heap after
{Heap after GC invocations=42 (full 0):
 garbage-first heap   total 59392K, used 19896K [0x00000000c6000000, 0x00000000c61001d0, 0x0000000100000000)
  region size 1024K, 1 young (1024K), 1 survivors (1024K)
 Metaspace       used 20961K, capacity 21528K, committed 21760K, reserved 1069056K
  class space    used 1854K, capacity 1978K, committed 2048K, reserved 1048576K
}

